<testsuites id="" name="" tests="1" failures="0" skipped="0" errors="0" time="4.600864">
<testsuite name="API\apitest.spec.ts" timestamp="2026-06-09T07:35:48.039Z" hostname="chromium" tests="1" failures="0" skipped="0" time="1.76" errors="0">
<testcase name="get › Test Get Products List API" classname="API\apitest.spec.ts" time="1.76">
<system-out>
<![CDATA[Response Status Code : [33m200[39m
Response Status Text  : OK
Response Body         : {
  responseCode: [33m200[39m,
  products: [
    {
      id: [33m1[39m,
      name: [32m'Blue Top'[39m,
      price: [32m'Rs. 500'[39m,
      brand: [32m'Polo'[39m,
      category: [36m[Object][39m
    },
    {
      id: [33m2[39m,
      name: [32m'Men Tshirt'[39m,
      price: [32m'Rs. 400'[39m,
      brand: [32m'H&M'[39m,
      category: [36m[Object][39m
    },
    {
      id: [33m3[39m,
      name: [32m'Sleeveless Dress'[39m,
      price: [32m'Rs. 1000'[39m,
      brand: [32m'Madame'[39m,
      category: [36m[Object][39m
    },
    {
      id: [33m4[39m,
      name: [32m'Stylish Dress'[39m,
      price: [32m'Rs. 1500'[39m,
      brand: [32m'Madame'[39m,
      category: [36m[Object][39m
    },
    {
      id: [33m5[39m,
      name: [32m'Winter Top'[39m,
      price: [32m'Rs. 600'[39m,
      brand: [32m'Mast & Harbour'[39m,
      category: [36m[Object][39m
    },
    {
      id: [33m6[39m,
      name: [32m'Summer White Top'[39m,
      price: [32m'Rs. 400'[39m,
      brand: [32m'H&M'[39m,
      category: [36m[Object][39m
    },
    {
      id: [33m7[39m,
      name: [32m'Madame Top For Women'[39m,
      price: [32m'Rs. 1000'[39m,
      brand: [32m'Madame'[39m,
      category: [36m[Object][39m
    },
    {
      id: [33m8[39m,
      name: [32m'Fancy Green Top'[39m,
      price: [32m'Rs. 700'[39m,
      brand: [32m'Polo'[39m,
      category: [36m[Object][39m
    },
    {
      id: [33m11[39m,
      name: [32m'Sleeves Printed Top - White'[39m,
      price: [32m'Rs. 499'[39m,
      brand: [32m'Babyhug'[39m,
      category: [36m[Object][39m
    },
    {
      id: [33m12[39m,
      name: [32m'Half Sleeves Top Schiffli Detailing - Pink'[39m,
      price: [32m'Rs. 359'[39m,
      brand: [32m'Babyhug'[39m,
      category: [36m[Object][39m
    },
    {
      id: [33m13[39m,
      name: [32m'Frozen Tops For Kids'[39m,
      price: [32m'Rs. 278'[39m,
      brand: [32m'Allen Solly Junior'[39m,
      category: [36m[Object][39m
    },
    {
      id: [33m14[39m,
      name: [32m'Full Sleeves Top Cherry - Pink'[39m,
      price: [32m'Rs. 679'[39m,
      brand: [32m'Kookie Kids'[39m,
      category: [36m[Object][39m
    },
    {
      id: [33m15[39m,
      name: [32m'Printed Off Shoulder Top - White'[39m,
      price: [32m'Rs. 315'[39m,
      brand: [32m'Babyhug'[39m,
      category: [36m[Object][39m
    },
    {
      id: [33m16[39m,
      name: [32m'Sleeves Top and Short - Blue & Pink'[39m,
      price: [32m'Rs. 478'[39m,
      brand: [32m'Babyhug'[39m,
      category: [36m[Object][39m
    },
    {
      id: [33m18[39m,
      name: [32m'Little Girls Mr. Panda Shirt'[39m,
      price: [32m'Rs. 1200'[39m,
      brand: [32m'Kookie Kids'[39m,
      category: [36m[Object][39m
    },
    {
      id: [33m19[39m,
      name: [32m'Sleeveless Unicorn Patch Gown - Pink'[39m,
      price: [32m'Rs. 1050'[39m,
      brand: [32m'Allen Solly Junior'[39m,
      category: [36m[Object][39m
    },
    {
      id: [33m20[39m,
      name: [32m'Cotton Mull Embroidered Dress'[39m,
      price: [32m'Rs. 1190'[39m,
      brand: [32m'Kookie Kids'[39m,
      category: [36m[Object][39m
    },
    {
      id: [33m21[39m,
      name: [32m'Blue Cotton Indie Mickey Dress'[39m,
      price: [32m'Rs. 1530'[39m,
      brand: [32m'Biba'[39m,
      category: [36m[Object][39m
    },
    {
      id: [33m22[39m,
      name: [32m'Long Maxi Tulle Fancy Dress Up Outfits -Pink'[39m,
      price: [32m'Rs. 1600'[39m,
      brand: [32m'Biba'[39m,
      category: [36m[Object][39m
    },
    {
      id: [33m23[39m,
      name: [32m'Sleeveless Unicorn Print Fit & Flare Net Dress - Multi'[39m,
      price: [32m'Rs. 1100'[39m,
      brand: [32m'Biba'[39m,
      category: [36m[Object][39m
    },
    {
      id: [33m24[39m,
      name: [32m'Colour Blocked Shirt – Sky Blue'[39m,
      price: [32m'Rs. 849'[39m,
      brand: [32m'Allen Solly Junior'[39m,
      category: [36m[Object][39m
    },
    {
      id: [33m28[39m,
      name: [32m'Pure Cotton V-Neck T-Shirt'[39m,
      price: [32m'Rs. 1299'[39m,
      brand: [32m'H&M'[39m,
      category: [36m[Object][39m
    },
    {
      id: [33m29[39m,
      name: [32m'Green Side Placket Detail T-Shirt'[39m,
      price: [32m'Rs. 1000'[39m,
      brand: [32m'Polo'[39m,
      category: [36m[Object][39m
    },
    {
      id: [33m30[39m,
      name: [32m'Premium Polo T-Shirts'[39m,
      price: [32m'Rs. 1500'[39m,
      brand: [32m'Polo'[39m,
      category: [36m[Object][39m
    },
    {
      id: [33m31[39m,
      name: [32m'Pure Cotton Neon Green Tshirt'[39m,
      price: [32m'Rs. 850'[39m,
      brand: [32m'H&M'[39m,
      category: [36m[Object][39m
    },
    {
      id: [33m33[39m,
      name: [32m'Soft Stretch Jeans'[39m,
      price: [32m'Rs. 799'[39m,
      brand: [32m'Polo'[39m,
      category: [36m[Object][39m
    },
    {
      id: [33m35[39m,
      name: [32m'Regular Fit Straight Jeans'[39m,
      price: [32m'Rs. 1200'[39m,
      brand: [32m'H&M'[39m,
      category: [36m[Object][39m
    },
    {
      id: [33m37[39m,
      name: [32m'Grunt Blue Slim Fit Jeans'[39m,
      price: [32m'Rs. 1400'[39m,
      brand: [32m'Polo'[39m,
      category: [36m[Object][39m
    },
    {
      id: [33m38[39m,
      name: [32m'Rose Pink Embroidered Maxi Dress'[39m,
      price: [32m'Rs. 2300'[39m,
      brand: [32m'Madame'[39m,
      category: [36m[Object][39m
    },
    {
      id: [33m39[39m,
      name: [32m'Cotton Silk Hand Block Print Saree'[39m,
      price: [32m'Rs. 3000'[39m,
      brand: [32m'Biba'[39m,
      category: [36m[Object][39m
    },
    {
      id: [33m40[39m,
      name: [32m'Rust Red Linen Saree'[39m,
      price: [32m'Rs. 3500'[39m,
      brand: [32m'Biba'[39m,
      category: [36m[Object][39m
    },
    {
      id: [33m41[39m,
      name: [32m'Beautiful Peacock Blue Cotton Linen Saree'[39m,
      price: [32m'Rs. 5000'[39m,
      brand: [32m'Madame'[39m,
      category: [36m[Object][39m
    },
    {
      id: [33m42[39m,
      name: [32m'Lace Top For Women'[39m,
      price: [32m'Rs. 1400'[39m,
      brand: [32m'Mast & Harbour'[39m,
      category: [36m[Object][39m
    },
    {
      id: [33m43[39m,
      name: [32m'GRAPHIC DESIGN MEN T SHIRT - BLUE'[39m,
      price: [32m'Rs. 1389'[39m,
      brand: [32m'Mast & Harbour'[39m,
      category: [36m[Object][39m
    }
  ]
}
GET
]]>
</system-out>
</testcase>
</testsuite>
</testsuites>